<?xml version="1.0" encoding="UTF-8"?>
<testsuite name="runner.runner" tests="0" skipped="0" failures="0" errors="0" timestamp="1970-01-01T00:00:00" hostname="DESKTOP-6KEC16J" time="0.0">
  <properties/>
  <system-out><![CDATA[]]></system-out>
  <system-err><![CDATA[????????????????????????????????????????????????????????????????????????????
? View your Cucumber Report at:                                            ?
? https://reports.cucumber.io/reports/4f9c191f-f127-4f5e-8184-2644552a21fb ?
?                                                                          ?
? This report will self-destruct in 24h.                                   ?
? Keep reports forever: https://reports.cucumber.io/profile                ?
????????????????????????????????????????????????????????????????????????????]]></system-err>
</testsuite>
